00:38:55.872mainDEBUGru.liga.coursepredict.Main15 - Приложение запускается
00:38:56.057mainDEBUGru.liga.coursepredict.Main18 - Регистрируем тг бота
00:38:56.340mainDEBUGru.liga.coursepredict.Main20 - Зарегистрировали тг бота
00:39:02.722JavaEduHomework2Bot Telegram ExecutorDEBUGru.liga.coursepredict.telegram.Bot31 - Получили сообщение:rate usd -period week -alg moon
00:39:02.723JavaEduHomework2Bot Telegram ExecutorDEBUGru.liga.coursepredict.system.StageControl277 - Получено сообщение:rate usd -period week -alg moon
00:39:02.723JavaEduHomework2Bot Telegram ExecutorINFOru.liga.coursepredict.system.StageControl286 - Получены следующие валюты usd
00:39:02.723JavaEduHomework2Bot Telegram ExecutorINFOru.liga.coursepredict.system.StageControl289 - Выбран следующий период/дата предсказания:week
00:39:02.723JavaEduHomework2Bot Telegram ExecutorINFOru.liga.coursepredict.system.StageControl291 - Выбран следующий алгоритм предсказания:moon
00:39:02.723JavaEduHomework2Bot Telegram ExecutorINFOru.liga.coursepredict.system.StageControl295 - Выбран следующий вариант вывода курса валют:list
00:39:02.723JavaEduHomework2Bot Telegram ExecutorDEBUGru.liga.coursepredict.system.StageControl297 - Началось формирование словаря с валютами и курсам
00:39:02.724JavaEduHomework2Bot Telegram ExecutorDEBUGru.liga.coursepredict.system.StageControl70 - Введенная валюта есть в списке
00:39:02.725JavaEduHomework2Bot Telegram ExecutorDEBUGru.liga.coursepredict.parser.Parser41 - Начинаем парсить файл usd.csv
00:39:02.726JavaEduHomework2Bot Telegram ExecutorDEBUGru.liga.coursepredict.parser.Parser46 - Читаем содержимое файла
00:39:02.739JavaEduHomework2Bot Telegram ExecutorDEBUGru.liga.coursepredict.parser.Parser57 - Прочитали содержимое файла usd.csv
00:39:02.739JavaEduHomework2Bot Telegram ExecutorDEBUGru.liga.coursepredict.parser.Parser62 - Закончили парсить файл usd.csv
00:39:02.739JavaEduHomework2Bot Telegram ExecutorINFOru.liga.coursepredict.system.StageControl89 - Для валюты:usd, данные получены из файла
00:39:02.739JavaEduHomework2Bot Telegram ExecutorDEBUGru.liga.coursepredict.system.StageControl301 - Сформирован словарь с валютами и курсам валют. Его размер:1
00:39:02.739JavaEduHomework2Bot Telegram ExecutorDEBUGru.liga.coursepredict.system.StageControl306 - Начался процесс предсказания курса валют
00:39:02.739JavaEduHomework2Bot Telegram ExecutorDEBUGru.liga.coursepredict.system.StageControl128 - Начался процесс прогнозирования
00:39:02.739JavaEduHomework2Bot Telegram ExecutorDEBUGru.liga.coursepredict.system.StageControl130 - Начался выбор периода/даты для прогнозирования
00:39:02.740JavaEduHomework2Bot Telegram ExecutorDEBUGru.liga.coursepredict.system.StageControl104 - Введенный период есть в списке
00:39:02.740JavaEduHomework2Bot Telegram ExecutorINFOru.liga.coursepredict.system.StageControl116 - Для периодаweek получено7дней
00:39:02.741JavaEduHomework2Bot Telegram ExecutorDEBUGru.liga.coursepredict.system.StageControl147 - Процесс выбора периода/даты закончился
00:39:02.741JavaEduHomework2Bot Telegram ExecutorINFOru.liga.coursepredict.system.StageControl148 - Получен period на 7 дней
00:39:02.742JavaEduHomework2Bot Telegram ExecutorDEBUGru.liga.coursepredict.system.StageControl164 - Алгоритм предсказания moon начался
00:39:02.742JavaEduHomework2Bot Telegram ExecutorDEBUGru.liga.coursepredict.system.StageControl166 - Год был вычтен из дат для предсказания
00:39:02.742JavaEduHomework2Bot Telegram ExecutorDEBUGru.liga.coursepredict.calculations.LastYearPredict19 - Начинаем расчет курса валют
00:39:02.744JavaEduHomework2Bot Telegram ExecutorDEBUGru.liga.coursepredict.calculations.LastYearPredict26 - Не все даты были в прошлом, начинаем перебор прошлых дней
00:39:02.746JavaEduHomework2Bot Telegram ExecutorDEBUGru.liga.coursepredict.calculations.LastYearPredict31 - Количество отсутствующих дат2
00:39:02.749JavaEduHomework2Bot Telegram ExecutorDEBUGru.liga.coursepredict.calculations.LastYearPredict50 - Закончили расчет курса валют
00:39:02.750JavaEduHomework2Bot Telegram ExecutorDEBUGru.liga.coursepredict.system.StageControl174 - Было добавлено 7 строк курса валютыusd
00:39:02.750JavaEduHomework2Bot Telegram ExecutorDEBUGru.liga.coursepredict.system.StageControl175 - Алгоритм предсказания moon закончился
00:39:02.750JavaEduHomework2Bot Telegram ExecutorINFOru.liga.coursepredict.system.StageControl227 - Алгоритм предсказания moon для валюты usd выполнен успешно
00:39:02.750JavaEduHomework2Bot Telegram ExecutorDEBUGru.liga.coursepredict.system.StageControl228 - Алгоритм предсказания moon для валюты usd выполнен успешно
00:39:02.750JavaEduHomework2Bot Telegram ExecutorDEBUGru.liga.coursepredict.system.StageControl312 - Процесс предсказания курса валют закончился
00:39:02.750JavaEduHomework2Bot Telegram ExecutorDEBUGru.liga.coursepredict.system.StageControl313 - Начался процесс подготовки результата для вывода
00:39:02.750JavaEduHomework2Bot Telegram ExecutorDEBUGru.liga.coursepredict.system.StageControl237 - Начался выбор вида вывода результата
00:39:02.750JavaEduHomework2Bot Telegram ExecutorDEBUGru.liga.coursepredict.system.StageControl250 - Начался процесс формирования списка
00:39:02.755JavaEduHomework2Bot Telegram ExecutorDEBUGru.liga.coursepredict.outputcreater.ResultOutput25 - Начинаем готовить список для тг
00:39:02.755JavaEduHomework2Bot Telegram ExecutorDEBUGru.liga.coursepredict.outputcreater.ResultOutput30 - Закончили готовить список для тг
00:39:02.755JavaEduHomework2Bot Telegram ExecutorDEBUGru.liga.coursepredict.system.StageControl260 - Процесс формирования списка закончился
00:39:02.755JavaEduHomework2Bot Telegram ExecutorINFOru.liga.coursepredict.system.StageControl263 - Был выбран вывод в виде list
00:39:02.755JavaEduHomework2Bot Telegram ExecutorDEBUGru.liga.coursepredict.system.StageControl315 - Процесс подготовки результата для вывода закончился
00:41:01.463mainDEBUGru.liga.coursepredict.Main15 - Приложение запускается
00:41:01.638mainDEBUGru.liga.coursepredict.Main18 - Регистрируем тг бота
00:41:01.908mainDEBUGru.liga.coursepredict.Main20 - Зарегистрировали тг бота
00:41:53.537mainDEBUGru.liga.coursepredict.Main15 - Приложение запускается
00:41:53.716mainDEBUGru.liga.coursepredict.Main18 - Регистрируем тг бота
00:41:54.005mainDEBUGru.liga.coursepredict.Main20 - Зарегистрировали тг бота
00:41:55.715JavaEduHomework2Bot Telegram ExecutorDEBUGru.liga.coursepredict.telegram.Bot31 - Получили сообщение:rate usd -period week -alg moon
00:41:55.715JavaEduHomework2Bot Telegram ExecutorDEBUGru.liga.coursepredict.system.StageControl277 - Получено сообщение:rate usd -period week -alg moon
00:41:55.715JavaEduHomework2Bot Telegram ExecutorINFOru.liga.coursepredict.system.StageControl286 - Получены следующие валюты usd
00:41:55.715JavaEduHomework2Bot Telegram ExecutorINFOru.liga.coursepredict.system.StageControl289 - Выбран следующий период/дата предсказания:week
00:41:55.715JavaEduHomework2Bot Telegram ExecutorINFOru.liga.coursepredict.system.StageControl291 - Выбран следующий алгоритм предсказания:moon
00:41:55.716JavaEduHomework2Bot Telegram ExecutorINFOru.liga.coursepredict.system.StageControl295 - Выбран следующий вариант вывода курса валют:list
00:41:55.716JavaEduHomework2Bot Telegram ExecutorDEBUGru.liga.coursepredict.system.StageControl297 - Началось формирование словаря с валютами и курсам
00:41:55.716JavaEduHomework2Bot Telegram ExecutorDEBUGru.liga.coursepredict.system.StageControl70 - Введенная валюта есть в списке
00:41:55.716JavaEduHomework2Bot Telegram ExecutorDEBUGru.liga.coursepredict.parser.Parser41 - Начинаем парсить файл usd.csv
00:41:55.717JavaEduHomework2Bot Telegram ExecutorDEBUGru.liga.coursepredict.parser.Parser46 - Читаем содержимое файла
00:41:55.728JavaEduHomework2Bot Telegram ExecutorDEBUGru.liga.coursepredict.parser.Parser57 - Прочитали содержимое файла usd.csv
00:41:55.728JavaEduHomework2Bot Telegram ExecutorDEBUGru.liga.coursepredict.parser.Parser62 - Закончили парсить файл usd.csv
00:41:55.728JavaEduHomework2Bot Telegram ExecutorINFOru.liga.coursepredict.system.StageControl89 - Для валюты:usd, данные получены из файла
00:41:55.728JavaEduHomework2Bot Telegram ExecutorDEBUGru.liga.coursepredict.system.StageControl301 - Сформирован словарь с валютами и курсам валют. Его размер:1
00:41:55.728JavaEduHomework2Bot Telegram ExecutorDEBUGru.liga.coursepredict.system.StageControl306 - Начался процесс предсказания курса валют
00:41:55.729JavaEduHomework2Bot Telegram ExecutorDEBUGru.liga.coursepredict.system.StageControl128 - Начался процесс прогнозирования
00:41:55.729JavaEduHomework2Bot Telegram ExecutorDEBUGru.liga.coursepredict.system.StageControl130 - Начался выбор периода/даты для прогнозирования
00:41:55.729JavaEduHomework2Bot Telegram ExecutorDEBUGru.liga.coursepredict.system.StageControl104 - Введенный период есть в списке
00:41:55.729JavaEduHomework2Bot Telegram ExecutorINFOru.liga.coursepredict.system.StageControl116 - Для периодаweek получено7дней
00:41:55.730JavaEduHomework2Bot Telegram ExecutorDEBUGru.liga.coursepredict.system.StageControl147 - Процесс выбора периода/даты закончился
00:41:55.730JavaEduHomework2Bot Telegram ExecutorINFOru.liga.coursepredict.system.StageControl148 - Получен period на 7 дней
00:41:55.730JavaEduHomework2Bot Telegram ExecutorDEBUGru.liga.coursepredict.system.StageControl164 - Алгоритм предсказания moon начался
00:41:55.730JavaEduHomework2Bot Telegram ExecutorDEBUGru.liga.coursepredict.system.StageControl166 - Год был вычтен из дат для предсказания
00:41:55.730JavaEduHomework2Bot Telegram ExecutorDEBUGru.liga.coursepredict.calculations.LastYearPredict19 - Начинаем расчет курса валют
00:41:55.732JavaEduHomework2Bot Telegram ExecutorDEBUGru.liga.coursepredict.calculations.LastYearPredict26 - Не все даты были в прошлом, начинаем перебор прошлых дней
00:41:55.734JavaEduHomework2Bot Telegram ExecutorDEBUGru.liga.coursepredict.calculations.LastYearPredict31 - Количество отсутствующих дат2
00:41:55.737JavaEduHomework2Bot Telegram ExecutorDEBUGru.liga.coursepredict.calculations.LastYearPredict50 - Закончили расчет курса валют
00:41:55.737JavaEduHomework2Bot Telegram ExecutorDEBUGru.liga.coursepredict.system.StageControl174 - Было добавлено 7 строк курса валютыusd
00:41:55.737JavaEduHomework2Bot Telegram ExecutorDEBUGru.liga.coursepredict.system.StageControl175 - Алгоритм предсказания moon закончился
00:41:55.737JavaEduHomework2Bot Telegram ExecutorINFOru.liga.coursepredict.system.StageControl227 - Алгоритм предсказания moon для валюты usd выполнен успешно
00:41:55.737JavaEduHomework2Bot Telegram ExecutorDEBUGru.liga.coursepredict.system.StageControl228 - Алгоритм предсказания moon для валюты usd выполнен успешно
00:41:55.737JavaEduHomework2Bot Telegram ExecutorDEBUGru.liga.coursepredict.system.StageControl312 - Процесс предсказания курса валют закончился
00:41:55.737JavaEduHomework2Bot Telegram ExecutorDEBUGru.liga.coursepredict.system.StageControl313 - Начался процесс подготовки результата для вывода
00:41:55.737JavaEduHomework2Bot Telegram ExecutorDEBUGru.liga.coursepredict.system.StageControl237 - Начался выбор вида вывода результата
00:41:55.737JavaEduHomework2Bot Telegram ExecutorDEBUGru.liga.coursepredict.system.StageControl250 - Начался процесс формирования списка
00:41:55.741JavaEduHomework2Bot Telegram ExecutorDEBUGru.liga.coursepredict.outputcreater.ResultOutput25 - Начинаем готовить список для тг
00:41:55.742JavaEduHomework2Bot Telegram ExecutorDEBUGru.liga.coursepredict.outputcreater.ResultOutput30 - Закончили готовить список для тг
00:41:55.742JavaEduHomework2Bot Telegram ExecutorDEBUGru.liga.coursepredict.system.StageControl260 - Процесс формирования списка закончился
00:41:55.742JavaEduHomework2Bot Telegram ExecutorINFOru.liga.coursepredict.system.StageControl263 - Был выбран вывод в виде list
00:41:55.742JavaEduHomework2Bot Telegram ExecutorDEBUGru.liga.coursepredict.system.StageControl315 - Процесс подготовки результата для вывода закончился
00:42:10.334JavaEduHomework2Bot Telegram ExecutorDEBUGru.liga.coursepredict.telegram.Bot31 - Получили сообщение:rate usd -period week -alg moon -ouput graph
00:42:10.344JavaEduHomework2Bot Telegram ExecutorDEBUGru.liga.coursepredict.system.StageControl317 - Ошибка при формировании данных
00:42:22.693JavaEduHomework2Bot Telegram ExecutorDEBUGru.liga.coursepredict.telegram.Bot31 - Получили сообщение:rate usd,eur -period week -alg moon -ouput graph
00:42:22.695JavaEduHomework2Bot Telegram ExecutorDEBUGru.liga.coursepredict.system.StageControl277 - Получено сообщение:rate usd,eur -period week -alg moon -ouput graph
00:42:22.695JavaEduHomework2Bot Telegram ExecutorINFOru.liga.coursepredict.system.StageControl286 - Получены следующие валюты usd,eur
00:42:22.695JavaEduHomework2Bot Telegram ExecutorINFOru.liga.coursepredict.system.StageControl289 - Выбран следующий период/дата предсказания:week
00:42:22.695JavaEduHomework2Bot Telegram ExecutorINFOru.liga.coursepredict.system.StageControl291 - Выбран следующий алгоритм предсказания:moon
00:42:22.695JavaEduHomework2Bot Telegram ExecutorINFOru.liga.coursepredict.system.StageControl295 - Выбран следующий вариант вывода курса валют:graph
00:42:22.695JavaEduHomework2Bot Telegram ExecutorDEBUGru.liga.coursepredict.system.StageControl297 - Началось формирование словаря с валютами и курсам
00:42:22.696JavaEduHomework2Bot Telegram ExecutorDEBUGru.liga.coursepredict.system.StageControl70 - Введенная валюта есть в списке
00:42:22.696JavaEduHomework2Bot Telegram ExecutorDEBUGru.liga.coursepredict.parser.Parser41 - Начинаем парсить файл usd.csv
00:42:22.696JavaEduHomework2Bot Telegram ExecutorDEBUGru.liga.coursepredict.parser.Parser46 - Читаем содержимое файла
00:42:22.715JavaEduHomework2Bot Telegram ExecutorDEBUGru.liga.coursepredict.parser.Parser57 - Прочитали содержимое файла usd.csv
00:42:22.715JavaEduHomework2Bot Telegram ExecutorDEBUGru.liga.coursepredict.parser.Parser62 - Закончили парсить файл usd.csv
00:42:22.715JavaEduHomework2Bot Telegram ExecutorINFOru.liga.coursepredict.system.StageControl89 - Для валюты:usd, данные получены из файла
00:42:22.715JavaEduHomework2Bot Telegram ExecutorDEBUGru.liga.coursepredict.system.StageControl70 - Введенная валюта есть в списке
00:42:22.715JavaEduHomework2Bot Telegram ExecutorDEBUGru.liga.coursepredict.parser.Parser41 - Начинаем парсить файл eur.csv
00:42:22.715JavaEduHomework2Bot Telegram ExecutorDEBUGru.liga.coursepredict.parser.Parser46 - Читаем содержимое файла
00:42:22.723JavaEduHomework2Bot Telegram ExecutorDEBUGru.liga.coursepredict.parser.Parser57 - Прочитали содержимое файла eur.csv
00:42:22.724JavaEduHomework2Bot Telegram ExecutorDEBUGru.liga.coursepredict.parser.Parser62 - Закончили парсить файл eur.csv
00:42:22.724JavaEduHomework2Bot Telegram ExecutorINFOru.liga.coursepredict.system.StageControl89 - Для валюты:eur, данные получены из файла
00:42:22.724JavaEduHomework2Bot Telegram ExecutorDEBUGru.liga.coursepredict.system.StageControl301 - Сформирован словарь с валютами и курсам валют. Его размер:2
00:42:22.724JavaEduHomework2Bot Telegram ExecutorDEBUGru.liga.coursepredict.system.StageControl306 - Начался процесс предсказания курса валют
00:42:22.724JavaEduHomework2Bot Telegram ExecutorDEBUGru.liga.coursepredict.system.StageControl128 - Начался процесс прогнозирования
00:42:22.724JavaEduHomework2Bot Telegram ExecutorDEBUGru.liga.coursepredict.system.StageControl130 - Начался выбор периода/даты для прогнозирования
00:42:22.724JavaEduHomework2Bot Telegram ExecutorDEBUGru.liga.coursepredict.system.StageControl104 - Введенный период есть в списке
00:42:22.724JavaEduHomework2Bot Telegram ExecutorINFOru.liga.coursepredict.system.StageControl116 - Для периодаweek получено7дней
00:42:22.724JavaEduHomework2Bot Telegram ExecutorDEBUGru.liga.coursepredict.system.StageControl147 - Процесс выбора периода/даты закончился
00:42:22.724JavaEduHomework2Bot Telegram ExecutorINFOru.liga.coursepredict.system.StageControl148 - Получен period на 7 дней
00:42:22.724JavaEduHomework2Bot Telegram ExecutorDEBUGru.liga.coursepredict.system.StageControl164 - Алгоритм предсказания moon начался
00:42:22.725JavaEduHomework2Bot Telegram ExecutorDEBUGru.liga.coursepredict.system.StageControl166 - Год был вычтен из дат для предсказания
00:42:22.725JavaEduHomework2Bot Telegram ExecutorDEBUGru.liga.coursepredict.calculations.LastYearPredict19 - Начинаем расчет курса валют
00:42:22.725JavaEduHomework2Bot Telegram ExecutorDEBUGru.liga.coursepredict.calculations.LastYearPredict26 - Не все даты были в прошлом, начинаем перебор прошлых дней
00:42:22.726JavaEduHomework2Bot Telegram ExecutorDEBUGru.liga.coursepredict.calculations.LastYearPredict31 - Количество отсутствующих дат2
00:42:22.726JavaEduHomework2Bot Telegram ExecutorDEBUGru.liga.coursepredict.calculations.LastYearPredict50 - Закончили расчет курса валют
00:42:22.726JavaEduHomework2Bot Telegram ExecutorDEBUGru.liga.coursepredict.system.StageControl174 - Было добавлено 7 строк курса валютыeur
00:42:22.727JavaEduHomework2Bot Telegram ExecutorDEBUGru.liga.coursepredict.system.StageControl175 - Алгоритм предсказания moon закончился
00:42:22.727JavaEduHomework2Bot Telegram ExecutorINFOru.liga.coursepredict.system.StageControl227 - Алгоритм предсказания moon для валюты eur выполнен успешно
00:42:22.727JavaEduHomework2Bot Telegram ExecutorDEBUGru.liga.coursepredict.system.StageControl228 - Алгоритм предсказания moon для валюты eur выполнен успешно
00:42:22.727JavaEduHomework2Bot Telegram ExecutorDEBUGru.liga.coursepredict.system.StageControl130 - Начался выбор периода/даты для прогнозирования
00:42:22.727JavaEduHomework2Bot Telegram ExecutorDEBUGru.liga.coursepredict.system.StageControl104 - Введенный период есть в списке
00:42:22.727JavaEduHomework2Bot Telegram ExecutorINFOru.liga.coursepredict.system.StageControl116 - Для периодаweek получено7дней
00:42:22.727JavaEduHomework2Bot Telegram ExecutorDEBUGru.liga.coursepredict.system.StageControl147 - Процесс выбора периода/даты закончился
00:42:22.727JavaEduHomework2Bot Telegram ExecutorINFOru.liga.coursepredict.system.StageControl148 - Получен period на 7 дней
00:42:22.727JavaEduHomework2Bot Telegram ExecutorDEBUGru.liga.coursepredict.system.StageControl164 - Алгоритм предсказания moon начался
00:42:22.727JavaEduHomework2Bot Telegram ExecutorDEBUGru.liga.coursepredict.system.StageControl166 - Год был вычтен из дат для предсказания
00:42:22.727JavaEduHomework2Bot Telegram ExecutorDEBUGru.liga.coursepredict.calculations.LastYearPredict19 - Начинаем расчет курса валют
00:42:22.728JavaEduHomework2Bot Telegram ExecutorDEBUGru.liga.coursepredict.calculations.LastYearPredict26 - Не все даты были в прошлом, начинаем перебор прошлых дней
00:42:22.728JavaEduHomework2Bot Telegram ExecutorDEBUGru.liga.coursepredict.calculations.LastYearPredict31 - Количество отсутствующих дат2
00:42:22.729JavaEduHomework2Bot Telegram ExecutorDEBUGru.liga.coursepredict.calculations.LastYearPredict50 - Закончили расчет курса валют
00:42:22.729JavaEduHomework2Bot Telegram ExecutorDEBUGru.liga.coursepredict.system.StageControl174 - Было добавлено 7 строк курса валютыusd
00:42:22.729JavaEduHomework2Bot Telegram ExecutorDEBUGru.liga.coursepredict.system.StageControl175 - Алгоритм предсказания moon закончился
00:42:22.729JavaEduHomework2Bot Telegram ExecutorINFOru.liga.coursepredict.system.StageControl227 - Алгоритм предсказания moon для валюты usd выполнен успешно
00:42:22.730JavaEduHomework2Bot Telegram ExecutorDEBUGru.liga.coursepredict.system.StageControl228 - Алгоритм предсказания moon для валюты usd выполнен успешно
00:42:22.730JavaEduHomework2Bot Telegram ExecutorDEBUGru.liga.coursepredict.system.StageControl312 - Процесс предсказания курса валют закончился
00:42:22.730JavaEduHomework2Bot Telegram ExecutorDEBUGru.liga.coursepredict.system.StageControl313 - Начался процесс подготовки результата для вывода
00:42:22.730JavaEduHomework2Bot Telegram ExecutorDEBUGru.liga.coursepredict.system.StageControl237 - Начался выбор вида вывода результата
00:42:22.730JavaEduHomework2Bot Telegram ExecutorDEBUGru.liga.coursepredict.system.StageControl241 - Начался процесс формирования графика
00:42:22.730JavaEduHomework2Bot Telegram ExecutorDEBUGru.liga.coursepredict.graph.CreateGraph46 - Начинаем готовить данные для построения графика
00:42:22.738JavaEduHomework2Bot Telegram ExecutorDEBUGru.liga.coursepredict.graph.CreateGraph56 - Закончили готовить данные для построения графика
00:42:22.738JavaEduHomework2Bot Telegram ExecutorDEBUGru.liga.coursepredict.graph.CreateGraph63 - Начинаем строить график
00:42:23.031JavaEduHomework2Bot Telegram ExecutorDEBUGru.liga.coursepredict.graph.CreateGraph90 - Закончили строить график
00:42:23.032JavaEduHomework2Bot Telegram ExecutorDEBUGru.liga.coursepredict.graph.SaveToFile20 - Начинаем сохранять файл с графиком
00:42:23.623JavaEduHomework2Bot Telegram ExecutorDEBUGru.liga.coursepredict.graph.SaveToFile28 - Закончили сохранять файл с графиком
00:42:23.623JavaEduHomework2Bot Telegram ExecutorDEBUGru.liga.coursepredict.system.StageControl247 - Процесс формирования графика закончился
00:42:23.623JavaEduHomework2Bot Telegram ExecutorINFOru.liga.coursepredict.system.StageControl263 - Был выбран вывод в виде graph
00:42:23.623JavaEduHomework2Bot Telegram ExecutorDEBUGru.liga.coursepredict.system.StageControl315 - Процесс подготовки результата для вывода закончился
